The system is: Darwin - 17.3.0 - x86_64
Compiling the C compiler identification source file "CMakeCCompilerId.c" succeeded.
Compiler: /usr/local/bin/icc 
Build flags: 
Id flags:  

The output was:
0


Compilation of the C compiler identification source "CMakeCCompilerId.c" produced "a.out"

The C compiler identification is Intel, found in "/Users/yellowos/CLionProjects/moving_catch/cmake-build-debug-intel/CMakeFiles/3.9.6/CompilerIdC/a.out"

Compiling the CXX compiler identification source file "CMakeCXXCompilerId.cpp" succeeded.
Compiler: /usr/local/bin/icpc 
Build flags: 
Id flags:  

The output was:
0


Compilation of the CXX compiler identification source "CMakeCXXCompilerId.cpp" produced "a.out"

The CXX compiler identification is Intel, found in "/Users/yellowos/CLionProjects/moving_catch/cmake-build-debug-intel/CMakeFiles/3.9.6/CompilerIdCXX/a.out"

Determining if the C compiler works passed with the following output:
Change Dir: /Users/yellowos/CLionProjects/moving_catch/cmake-build-debug-intel/CMakeFiles/CMakeTmp

Run Build Command:"/usr/bin/make" "cmTC_e5588/fast"
/Library/Developer/CommandLineTools/usr/bin/make -f CMakeFiles/cmTC_e5588.dir/build.make CMakeFiles/cmTC_e5588.dir/build
Building C object CMakeFiles/cmTC_e5588.dir/testCCompiler.c.o
/usr/local/bin/icc    -o CMakeFiles/cmTC_e5588.dir/testCCompiler.c.o   -c /Users/yellowos/CLionProjects/moving_catch/cmake-build-debug-intel/CMakeFiles/CMakeTmp/testCCompiler.c
Linking C executable cmTC_e5588
/Applications/CLion.app/Contents/bin/cmake/bin/cmake -E cmake_link_script CMakeFiles/cmTC_e5588.dir/link.txt --verbose=1
/usr/local/bin/icc   -Wl,-search_paths_first -Wl,-headerpad_max_install_names   CMakeFiles/cmTC_e5588.dir/testCCompiler.c.o  -o cmTC_e5588 


Detecting C compiler ABI info compiled with the following output:
Change Dir: /Users/yellowos/CLionProjects/moving_catch/cmake-build-debug-intel/CMakeFiles/CMakeTmp

Run Build Command:"/usr/bin/make" "cmTC_585d9/fast"
/Library/Developer/CommandLineTools/usr/bin/make -f CMakeFiles/cmTC_585d9.dir/build.make CMakeFiles/cmTC_585d9.dir/build
Building C object CMakeFiles/cmTC_585d9.dir/CMakeCCompilerABI.c.o
/usr/local/bin/icc    -o CMakeFiles/cmTC_585d9.dir/CMakeCCompilerABI.c.o   -c /Applications/CLion.app/Contents/bin/cmake/share/cmake-3.9/Modules/CMakeCCompilerABI.c
Linking C executable cmTC_585d9
/Applications/CLion.app/Contents/bin/cmake/bin/cmake -E cmake_link_script CMakeFiles/cmTC_585d9.dir/link.txt --verbose=1
/usr/local/bin/icc   -Wl,-search_paths_first -Wl,-headerpad_max_install_names  -v -Wl,-v CMakeFiles/cmTC_585d9.dir/CMakeCCompilerABI.c.o  -o cmTC_585d9 
icc version 18.0.1 (gcc version 4.9.0 compatibility)
/opt/intel//compilers_and_libraries_2018.1.126/mac/bin/intel64/mcpcom    -mGLOB_em64t=TRUE -mP1OPT_version=18.0-intel64 -mGLOB_diag_file=CMakeFiles/cmTC_585d9.dir/CMakeCCompilerABI.c.diag -mGLOB_diag_use_message_catalog=FALSE -mGLOB_long_size_64 -mGLOB_routine_pointer_size_64 -mP1OPT_print_version=FALSE -mCG_use_gas_got_workaround=F -mP2OPT_align_option_used=TRUE -mGLOB_gcc_version=490 "-mGLOB_options_string=-Wl,-search_paths_first -Wl,-headerpad_max_install_names -v -Wl,-v -o cmTC_585d9" -mGLOB_position_independent_code -mGLOB_preemption_model=1 -mGLOB_no_compact_unwind=TRUE -mGLOB_cxx_limited_range=FALSE -mCG_extend_parms=FALSE -mGLOB_compiler_bin_directory=/opt/intel//compilers_and_libraries_2018.1.126/mac/bin/intel64 -mGLOB_as_output_backup_file_name=/var/folders/vg/2gb9pzh93x12p9mb21qx_bmc0000gp/T/iccfKCvU3as_.s -mGLOB_dashboard_use_source_name -mIPOPT_activate -mGLOB_product_id_code=0x22006d92 -mP3OPT_use_mspp_call_convention -mP2OPT_subs_out_of_bound=FALSE -mP2OPT_disam_type_based_disam=2 -mP2OPT_disam_assume_ansi_c -mP2OPT_checked_disam_ansi_alias=TRUE -mGLOB_ansi_alias -mPGOPTI_value_profile_use=T -mGLOB_opt_report_use_source_name -mP2OPT_il0_array_sections=TRUE -mP2OPT_hlo -mP2OPT_hpo_rtt_control=0 -mIPOPT_args_in_regs=0 -mP2OPT_disam_assume_nonstd_intent_in=FALSE -mGLOB_imf_mapping_library=/opt/intel//compilers_and_libraries_2018.1.126/mac/bin/intel64/libiml_attr.dylib -mPGOPTI_gen_threadsafe_level=0 -mIPOPT_link -mIPOPT_ipo_activate -mIPOPT_mo_activate -mIPOPT_source_files_list=/var/folders/vg/2gb9pzh93x12p9mb21qx_bmc0000gp/T/iccslisk1ub7a -mIPOPT_mo_global_data "-mIPOPT_cmdline_link="-dynamic" "-arch" "x86_64" "-weak_reference_mismatches" "non-weak" "-macosx_version_min" "10.13.2" "-no_compact_unwind" "-o" "cmTC_585d9" "-L/opt/intel//compilers_and_libraries_2018.1.126/mac/compiler/lib" "-L/usr/lib" "-search_paths_first" "-headerpad_max_install_names" "-v" "CMakeFiles/cmTC_585d9.dir/CMakeCCompilerABI.c.o" "/opt/intel//compilers_and_libraries_2018.1.126/mac/compiler/lib/libimf.a" "/opt/intel//compilers_and_libraries_2018.1.126/mac/compiler/lib/libsvml.a" "/opt/intel//compilers_and_libraries_2018.1.126/mac/compiler/lib/libirng.a" "/opt/intel//compilers_and_libraries_2018.1.126/mac/compiler/lib/libipgo.a" "/opt/intel//compilers_and_libraries_2018.1.126/mac/compiler/lib/libdecimal.a" "-weak-lcilkrts" "-lc++" "-lSystem" "/opt/intel//compilers_and_libraries_2018.1.126/mac/compiler/lib/libirc.a" "/opt/intel//compilers_and_libraries_2018.1.126/mac/compiler/lib/libsvml.a" "/Library/Developer/CommandLineTools/usr/lib/clang/9.0.0/lib/darwin/libclang_rt.osx.a"" -mIPOPT_il_in_obj -mIPOPT_ipo_activate_warn=FALSE -mIPOPT_obj_output_file_name=/var/folders/vg/2gb9pzh93x12p9mb21qx_bmc0000gp/T/ipo_iccigrCCy.o -mIPOPT_whole_archive_fixup_file_name=/var/folders/vg/2gb9pzh93x12p9mb21qx_bmc0000gp/T/iccwarchwmDhbE -mGLOB_driver_tempfile_name=/var/folders/vg/2gb9pzh93x12p9mb21qx_bmc0000gp/T/icctempfile1QGGNM -mGLOB_os_target=GLOB_OS_TARGET_MACH -mGLOB_async_unwind_tables=TRUE -mGLOB_obj_output_file=/var/folders/vg/2gb9pzh93x12p9mb21qx_bmc0000gp/T/ipo_iccigrCCy.o -mGLOB_source_dialect=GLOB_SOURCE_DIALECT_NONE -mP1OPT_source_file_name=ipo_out.c CMakeFiles/cmTC_585d9.dir/CMakeCCompilerABI.c.o -mIPOPT_object_files=T -mIPOPT_assembly_files=/var/folders/vg/2gb9pzh93x12p9mb21qx_bmc0000gp/T/iccalisAW19A2 -mIPOPT_generated_tempfiles=/var/folders/vg/2gb9pzh93x12p9mb21qx_bmc0000gp/T/iccelisSWf8sG -mIPOPT_embedded_object_base_name=/var/folders/vg/2gb9pzh93x12p9mb21qx_bmc0000gp/T/icceobjoMKFmH
/Library/Developer/CommandLineTools/usr/bin/ld    -dynamic -arch x86_64 -weak_reference_mismatches non-weak -macosx_version_min 10.13.2 -o cmTC_585d9 -L/opt/intel//compilers_and_libraries_2018.1.126/mac/compiler/lib -L/usr/lib CMakeFiles/cmTC_585d9.dir/CMakeCCompilerABI.c.o -search_paths_first -headerpad_max_install_names -v /opt/intel//compilers_and_libraries_2018.1.126/mac/compiler/lib/libimf.a /opt/intel//compilers_and_libraries_2018.1.126/mac/compiler/lib/libsvml.a /opt/intel//compilers_and_libraries_2018.1.126/mac/compiler/lib/libirng.a /opt/intel//compilers_and_libraries_2018.1.126/mac/compiler/lib/libipgo.a /opt/intel//compilers_and_libraries_2018.1.126/mac/compiler/lib/libdecimal.a -weak-lcilkrts -lc++ -lSystem /opt/intel//compilers_and_libraries_2018.1.126/mac/compiler/lib/libirc.a /opt/intel//compilers_and_libraries_2018.1.126/mac/compiler/lib/libsvml.a /Library/Developer/CommandLineTools/usr/lib/clang/9.0.0/lib/darwin/libclang_rt.osx.a
@(#)PROGRAM:ld  PROJECT:ld64-305
configured to support archs: armv6 armv7 armv7s arm64 i386 x86_64 x86_64h armv6m armv7k armv7m armv7em (tvOS)
Library search paths:
	/opt/intel//compilers_and_libraries_2018.1.126/mac/compiler/lib
	/usr/lib
	/usr/lib
	/usr/local/lib
Framework search paths:
	/Library/Frameworks/
	/System/Library/Frameworks/


Parsed C implicit link information from above output:
  link line regex: [^( *|.*[/\])(ld|CMAKE_LINK_STARTFILE-NOTFOUND|([^/\]+-)?ld|collect2)[^/\]*( |$)]
  ignore line: [Change Dir: /Users/yellowos/CLionProjects/moving_catch/cmake-build-debug-intel/CMakeFiles/CMakeTmp]
  ignore line: []
  ignore line: [Run Build Command:"/usr/bin/make" "cmTC_585d9/fast"]
  ignore line: [/Library/Developer/CommandLineTools/usr/bin/make -f CMakeFiles/cmTC_585d9.dir/build.make CMakeFiles/cmTC_585d9.dir/build]
  ignore line: [Building C object CMakeFiles/cmTC_585d9.dir/CMakeCCompilerABI.c.o]
  ignore line: [/usr/local/bin/icc    -o CMakeFiles/cmTC_585d9.dir/CMakeCCompilerABI.c.o   -c /Applications/CLion.app/Contents/bin/cmake/share/cmake-3.9/Modules/CMakeCCompilerABI.c]
  ignore line: [Linking C executable cmTC_585d9]
  ignore line: [/Applications/CLion.app/Contents/bin/cmake/bin/cmake -E cmake_link_script CMakeFiles/cmTC_585d9.dir/link.txt --verbose=1]
  ignore line: [/usr/local/bin/icc   -Wl,-search_paths_first -Wl,-headerpad_max_install_names  -v -Wl,-v CMakeFiles/cmTC_585d9.dir/CMakeCCompilerABI.c.o  -o cmTC_585d9 ]
  ignore line: [icc version 18.0.1 (gcc version 4.9.0 compatibility)]
  ignore line: [/opt/intel//compilers_and_libraries_2018.1.126/mac/bin/intel64/mcpcom    -mGLOB_em64t=TRUE -mP1OPT_version=18.0-intel64 -mGLOB_diag_file=CMakeFiles/cmTC_585d9.dir/CMakeCCompilerABI.c.diag -mGLOB_diag_use_message_catalog=FALSE -mGLOB_long_size_64 -mGLOB_routine_pointer_size_64 -mP1OPT_print_version=FALSE -mCG_use_gas_got_workaround=F -mP2OPT_align_option_used=TRUE -mGLOB_gcc_version=490 "-mGLOB_options_string=-Wl,-search_paths_first -Wl,-headerpad_max_install_names -v -Wl,-v -o cmTC_585d9" -mGLOB_position_independent_code -mGLOB_preemption_model=1 -mGLOB_no_compact_unwind=TRUE -mGLOB_cxx_limited_range=FALSE -mCG_extend_parms=FALSE -mGLOB_compiler_bin_directory=/opt/intel//compilers_and_libraries_2018.1.126/mac/bin/intel64 -mGLOB_as_output_backup_file_name=/var/folders/vg/2gb9pzh93x12p9mb21qx_bmc0000gp/T/iccfKCvU3as_.s -mGLOB_dashboard_use_source_name -mIPOPT_activate -mGLOB_product_id_code=0x22006d92 -mP3OPT_use_mspp_call_convention -mP2OPT_subs_out_of_bound=FALSE -mP2OPT_disam_type_based_disam=2 -mP2OPT_disam_assume_ansi_c -mP2OPT_checked_disam_ansi_alias=TRUE -mGLOB_ansi_alias -mPGOPTI_value_profile_use=T -mGLOB_opt_report_use_source_name -mP2OPT_il0_array_sections=TRUE -mP2OPT_hlo -mP2OPT_hpo_rtt_control=0 -mIPOPT_args_in_regs=0 -mP2OPT_disam_assume_nonstd_intent_in=FALSE -mGLOB_imf_mapping_library=/opt/intel//compilers_and_libraries_2018.1.126/mac/bin/intel64/libiml_attr.dylib -mPGOPTI_gen_threadsafe_level=0 -mIPOPT_link -mIPOPT_ipo_activate -mIPOPT_mo_activate -mIPOPT_source_files_list=/var/folders/vg/2gb9pzh93x12p9mb21qx_bmc0000gp/T/iccslisk1ub7a -mIPOPT_mo_global_data "-mIPOPT_cmdline_link="-dynamic" "-arch" "x86_64" "-weak_reference_mismatches" "non-weak" "-macosx_version_min" "10.13.2" "-no_compact_unwind" "-o" "cmTC_585d9" "-L/opt/intel//compilers_and_libraries_2018.1.126/mac/compiler/lib" "-L/usr/lib" "-search_paths_first" "-headerpad_max_install_names" "-v" "CMakeFiles/cmTC_585d9.dir/CMakeCCompilerABI.c.o" "/opt/intel//compilers_and_libraries_2018.1.126/mac/compiler/lib/libimf.a" "/opt/intel//compilers_and_libraries_2018.1.126/mac/compiler/lib/libsvml.a" "/opt/intel//compilers_and_libraries_2018.1.126/mac/compiler/lib/libirng.a" "/opt/intel//compilers_and_libraries_2018.1.126/mac/compiler/lib/libipgo.a" "/opt/intel//compilers_and_libraries_2018.1.126/mac/compiler/lib/libdecimal.a" "-weak-lcilkrts" "-lc++" "-lSystem" "/opt/intel//compilers_and_libraries_2018.1.126/mac/compiler/lib/libirc.a" "/opt/intel//compilers_and_libraries_2018.1.126/mac/compiler/lib/libsvml.a" "/Library/Developer/CommandLineTools/usr/lib/clang/9.0.0/lib/darwin/libclang_rt.osx.a"" -mIPOPT_il_in_obj -mIPOPT_ipo_activate_warn=FALSE -mIPOPT_obj_output_file_name=/var/folders/vg/2gb9pzh93x12p9mb21qx_bmc0000gp/T/ipo_iccigrCCy.o -mIPOPT_whole_archive_fixup_file_name=/var/folders/vg/2gb9pzh93x12p9mb21qx_bmc0000gp/T/iccwarchwmDhbE -mGLOB_driver_tempfile_name=/var/folders/vg/2gb9pzh93x12p9mb21qx_bmc0000gp/T/icctempfile1QGGNM -mGLOB_os_target=GLOB_OS_TARGET_MACH -mGLOB_async_unwind_tables=TRUE -mGLOB_obj_output_file=/var/folders/vg/2gb9pzh93x12p9mb21qx_bmc0000gp/T/ipo_iccigrCCy.o -mGLOB_source_dialect=GLOB_SOURCE_DIALECT_NONE -mP1OPT_source_file_name=ipo_out.c CMakeFiles/cmTC_585d9.dir/CMakeCCompilerABI.c.o -mIPOPT_object_files=T -mIPOPT_assembly_files=/var/folders/vg/2gb9pzh93x12p9mb21qx_bmc0000gp/T/iccalisAW19A2 -mIPOPT_generated_tempfiles=/var/folders/vg/2gb9pzh93x12p9mb21qx_bmc0000gp/T/iccelisSWf8sG -mIPOPT_embedded_object_base_name=/var/folders/vg/2gb9pzh93x12p9mb21qx_bmc0000gp/T/icceobjoMKFmH]
  link line: [/Library/Developer/CommandLineTools/usr/bin/ld    -dynamic -arch x86_64 -weak_reference_mismatches non-weak -macosx_version_min 10.13.2 -o cmTC_585d9 -L/opt/intel//compilers_and_libraries_2018.1.126/mac/compiler/lib -L/usr/lib CMakeFiles/cmTC_585d9.dir/CMakeCCompilerABI.c.o -search_paths_first -headerpad_max_install_names -v /opt/intel//compilers_and_libraries_2018.1.126/mac/compiler/lib/libimf.a /opt/intel//compilers_and_libraries_2018.1.126/mac/compiler/lib/libsvml.a /opt/intel//compilers_and_libraries_2018.1.126/mac/compiler/lib/libirng.a /opt/intel//compilers_and_libraries_2018.1.126/mac/compiler/lib/libipgo.a /opt/intel//compilers_and_libraries_2018.1.126/mac/compiler/lib/libdecimal.a -weak-lcilkrts -lc++ -lSystem /opt/intel//compilers_and_libraries_2018.1.126/mac/compiler/lib/libirc.a /opt/intel//compilers_and_libraries_2018.1.126/mac/compiler/lib/libsvml.a /Library/Developer/CommandLineTools/usr/lib/clang/9.0.0/lib/darwin/libclang_rt.osx.a]
    arg [/Library/Developer/CommandLineTools/usr/bin/ld] ==> ignore
    arg [-dynamic] ==> ignore
    arg [-arch] ==> ignore
    arg [x86_64] ==> ignore
    arg [-weak_reference_mismatches] ==> ignore
    arg [non-weak] ==> ignore
    arg [-macosx_version_min] ==> ignore
    arg [10.13.2] ==> ignore
    arg [-o] ==> ignore
    arg [cmTC_585d9] ==> ignore
    arg [-L/opt/intel//compilers_and_libraries_2018.1.126/mac/compiler/lib] ==> dir [/opt/intel//compilers_and_libraries_2018.1.126/mac/compiler/lib]
    arg [-L/usr/lib] ==> dir [/usr/lib]
    arg [CMakeFiles/cmTC_585d9.dir/CMakeCCompilerABI.c.o] ==> ignore
    arg [-search_paths_first] ==> ignore
    arg [-headerpad_max_install_names] ==> ignore
    arg [-v] ==> ignore
    arg [/opt/intel//compilers_and_libraries_2018.1.126/mac/compiler/lib/libimf.a] ==> lib [/opt/intel//compilers_and_libraries_2018.1.126/mac/compiler/lib/libimf.a]
    arg [/opt/intel//compilers_and_libraries_2018.1.126/mac/compiler/lib/libsvml.a] ==> lib [/opt/intel//compilers_and_libraries_2018.1.126/mac/compiler/lib/libsvml.a]
    arg [/opt/intel//compilers_and_libraries_2018.1.126/mac/compiler/lib/libirng.a] ==> lib [/opt/intel//compilers_and_libraries_2018.1.126/mac/compiler/lib/libirng.a]
    arg [/opt/intel//compilers_and_libraries_2018.1.126/mac/compiler/lib/libipgo.a] ==> lib [/opt/intel//compilers_and_libraries_2018.1.126/mac/compiler/lib/libipgo.a]
    arg [/opt/intel//compilers_and_libraries_2018.1.126/mac/compiler/lib/libdecimal.a] ==> lib [/opt/intel//compilers_and_libraries_2018.1.126/mac/compiler/lib/libdecimal.a]
    arg [-weak-lcilkrts] ==> ignore
    arg [-lc++] ==> lib [c++]
    arg [-lSystem] ==> lib [System]
    arg [/opt/intel//compilers_and_libraries_2018.1.126/mac/compiler/lib/libirc.a] ==> lib [/opt/intel//compilers_and_libraries_2018.1.126/mac/compiler/lib/libirc.a]
    arg [/opt/intel//compilers_and_libraries_2018.1.126/mac/compiler/lib/libsvml.a] ==> lib [/opt/intel//compilers_and_libraries_2018.1.126/mac/compiler/lib/libsvml.a]
    arg [/Library/Developer/CommandLineTools/usr/lib/clang/9.0.0/lib/darwin/libclang_rt.osx.a] ==> lib [/Library/Developer/CommandLineTools/usr/lib/clang/9.0.0/lib/darwin/libclang_rt.osx.a]
  Library search paths: [;/opt/intel//compilers_and_libraries_2018.1.126/mac/compiler/lib;/usr/lib;/usr/lib;/usr/local/lib]
  Framework search paths: [;/Library/Frameworks/;/System/Library/Frameworks/]
  collapse lib [/opt/intel//compilers_and_libraries_2018.1.126/mac/compiler/lib/libimf.a] ==> [/opt/intel/compilers_and_libraries_2018.1.126/mac/compiler/lib/libimf.a]
  collapse lib [/opt/intel//compilers_and_libraries_2018.1.126/mac/compiler/lib/libsvml.a] ==> [/opt/intel/compilers_and_libraries_2018.1.126/mac/compiler/lib/libsvml.a]
  collapse lib [/opt/intel//compilers_and_libraries_2018.1.126/mac/compiler/lib/libirng.a] ==> [/opt/intel/compilers_and_libraries_2018.1.126/mac/compiler/lib/libirng.a]
  collapse lib [/opt/intel//compilers_and_libraries_2018.1.126/mac/compiler/lib/libipgo.a] ==> [/opt/intel/compilers_and_libraries_2018.1.126/mac/compiler/lib/libipgo.a]
  collapse lib [/opt/intel//compilers_and_libraries_2018.1.126/mac/compiler/lib/libdecimal.a] ==> [/opt/intel/compilers_and_libraries_2018.1.126/mac/compiler/lib/libdecimal.a]
  remove lib [System]
  collapse lib [/opt/intel//compilers_and_libraries_2018.1.126/mac/compiler/lib/libirc.a] ==> [/opt/intel/compilers_and_libraries_2018.1.126/mac/compiler/lib/libirc.a]
  collapse lib [/opt/intel//compilers_and_libraries_2018.1.126/mac/compiler/lib/libsvml.a] ==> [/opt/intel/compilers_and_libraries_2018.1.126/mac/compiler/lib/libsvml.a]
  remove lib [/Library/Developer/CommandLineTools/usr/lib/clang/9.0.0/lib/darwin/libclang_rt.osx.a]
  collapse library dir [/opt/intel//compilers_and_libraries_2018.1.126/mac/compiler/lib] ==> [/opt/intel/compilers_and_libraries_2018.1.126/mac/compiler/lib]
  collapse library dir [/usr/lib] ==> [/usr/lib]
  collapse library dir [/opt/intel//compilers_and_libraries_2018.1.126/mac/compiler/lib] ==> [/opt/intel/compilers_and_libraries_2018.1.126/mac/compiler/lib]
  collapse library dir [/usr/lib] ==> [/usr/lib]
  collapse library dir [/usr/lib] ==> [/usr/lib]
  collapse library dir [/usr/local/lib] ==> [/usr/local/lib]
  collapse framework dir [/Library/Frameworks/] ==> [/Library/Frameworks]
  collapse framework dir [/System/Library/Frameworks/] ==> [/System/Library/Frameworks]
  implicit libs: [/opt/intel/compilers_and_libraries_2018.1.126/mac/compiler/lib/libimf.a;/opt/intel/compilers_and_libraries_2018.1.126/mac/compiler/lib/libsvml.a;/opt/intel/compilers_and_libraries_2018.1.126/mac/compiler/lib/libirng.a;/opt/intel/compilers_and_libraries_2018.1.126/mac/compiler/lib/libipgo.a;/opt/intel/compilers_and_libraries_2018.1.126/mac/compiler/lib/libdecimal.a;c++;/opt/intel/compilers_and_libraries_2018.1.126/mac/compiler/lib/libirc.a;/opt/intel/compilers_and_libraries_2018.1.126/mac/compiler/lib/libsvml.a]
  implicit dirs: [/opt/intel/compilers_and_libraries_2018.1.126/mac/compiler/lib;/usr/lib;/usr/local/lib]
  implicit fwks: [/Library/Frameworks;/System/Library/Frameworks]




Detecting C [-std=c11] compiler features compiled with the following output:
Change Dir: /Users/yellowos/CLionProjects/moving_catch/cmake-build-debug-intel/CMakeFiles/CMakeTmp

Run Build Command:"/usr/bin/make" "cmTC_b2d08/fast"
/Library/Developer/CommandLineTools/usr/bin/make -f CMakeFiles/cmTC_b2d08.dir/build.make CMakeFiles/cmTC_b2d08.dir/build
Building C object CMakeFiles/cmTC_b2d08.dir/feature_tests.c.o
/usr/local/bin/icc   -std=c11 -o CMakeFiles/cmTC_b2d08.dir/feature_tests.c.o   -c /Users/yellowos/CLionProjects/moving_catch/cmake-build-debug-intel/CMakeFiles/feature_tests.c
Linking C executable cmTC_b2d08
/Applications/CLion.app/Contents/bin/cmake/bin/cmake -E cmake_link_script CMakeFiles/cmTC_b2d08.dir/link.txt --verbose=1
/usr/local/bin/icc   -Wl,-search_paths_first -Wl,-headerpad_max_install_names   CMakeFiles/cmTC_b2d08.dir/feature_tests.c.o  -o cmTC_b2d08 


    Feature record: C_FEATURE:1c_function_prototypes
    Feature record: C_FEATURE:1c_restrict
    Feature record: C_FEATURE:1c_static_assert
    Feature record: C_FEATURE:1c_variadic_macros


Detecting C [-std=c99] compiler features compiled with the following output:
Change Dir: /Users/yellowos/CLionProjects/moving_catch/cmake-build-debug-intel/CMakeFiles/CMakeTmp

Run Build Command:"/usr/bin/make" "cmTC_cd823/fast"
/Library/Developer/CommandLineTools/usr/bin/make -f CMakeFiles/cmTC_cd823.dir/build.make CMakeFiles/cmTC_cd823.dir/build
Building C object CMakeFiles/cmTC_cd823.dir/feature_tests.c.o
/usr/local/bin/icc   -std=c99 -o CMakeFiles/cmTC_cd823.dir/feature_tests.c.o   -c /Users/yellowos/CLionProjects/moving_catch/cmake-build-debug-intel/CMakeFiles/feature_tests.c
Linking C executable cmTC_cd823
/Applications/CLion.app/Contents/bin/cmake/bin/cmake -E cmake_link_script CMakeFiles/cmTC_cd823.dir/link.txt --verbose=1
/usr/local/bin/icc   -Wl,-search_paths_first -Wl,-headerpad_max_install_names   CMakeFiles/cmTC_cd823.dir/feature_tests.c.o  -o cmTC_cd823 


    Feature record: C_FEATURE:1c_function_prototypes
    Feature record: C_FEATURE:1c_restrict
    Feature record: C_FEATURE:1c_static_assert
    Feature record: C_FEATURE:1c_variadic_macros


Detecting C [-std=c89] compiler features compiled with the following output:
Change Dir: /Users/yellowos/CLionProjects/moving_catch/cmake-build-debug-intel/CMakeFiles/CMakeTmp

Run Build Command:"/usr/bin/make" "cmTC_9db32/fast"
/Library/Developer/CommandLineTools/usr/bin/make -f CMakeFiles/cmTC_9db32.dir/build.make CMakeFiles/cmTC_9db32.dir/build
Building C object CMakeFiles/cmTC_9db32.dir/feature_tests.c.o
/usr/local/bin/icc   -std=c89 -o CMakeFiles/cmTC_9db32.dir/feature_tests.c.o   -c /Users/yellowos/CLionProjects/moving_catch/cmake-build-debug-intel/CMakeFiles/feature_tests.c
Linking C executable cmTC_9db32
/Applications/CLion.app/Contents/bin/cmake/bin/cmake -E cmake_link_script CMakeFiles/cmTC_9db32.dir/link.txt --verbose=1
/usr/local/bin/icc   -Wl,-search_paths_first -Wl,-headerpad_max_install_names   CMakeFiles/cmTC_9db32.dir/feature_tests.c.o  -o cmTC_9db32 


    Feature record: C_FEATURE:1c_function_prototypes
    Feature record: C_FEATURE:0c_restrict
    Feature record: C_FEATURE:0c_static_assert
    Feature record: C_FEATURE:0c_variadic_macros
Determining if the CXX compiler works passed with the following output:
Change Dir: /Users/yellowos/CLionProjects/moving_catch/cmake-build-debug-intel/CMakeFiles/CMakeTmp

Run Build Command:"/usr/bin/make" "cmTC_29e1a/fast"
/Library/Developer/CommandLineTools/usr/bin/make -f CMakeFiles/cmTC_29e1a.dir/build.make CMakeFiles/cmTC_29e1a.dir/build
Building CXX object CMakeFiles/cmTC_29e1a.dir/testCXXCompiler.cxx.o
/usr/local/bin/icpc     -o CMakeFiles/cmTC_29e1a.dir/testCXXCompiler.cxx.o -c /Users/yellowos/CLionProjects/moving_catch/cmake-build-debug-intel/CMakeFiles/CMakeTmp/testCXXCompiler.cxx
Linking CXX executable cmTC_29e1a
/Applications/CLion.app/Contents/bin/cmake/bin/cmake -E cmake_link_script CMakeFiles/cmTC_29e1a.dir/link.txt --verbose=1
/usr/local/bin/icpc    -Wl,-search_paths_first -Wl,-headerpad_max_install_names   CMakeFiles/cmTC_29e1a.dir/testCXXCompiler.cxx.o  -o cmTC_29e1a 


Detecting CXX compiler ABI info compiled with the following output:
Change Dir: /Users/yellowos/CLionProjects/moving_catch/cmake-build-debug-intel/CMakeFiles/CMakeTmp

Run Build Command:"/usr/bin/make" "cmTC_919f3/fast"
/Library/Developer/CommandLineTools/usr/bin/make -f CMakeFiles/cmTC_919f3.dir/build.make CMakeFiles/cmTC_919f3.dir/build
Building CXX object CMakeFiles/cmTC_919f3.dir/CMakeCXXCompilerABI.cpp.o
/usr/local/bin/icpc     -o CMakeFiles/cmTC_919f3.dir/CMakeCXXCompilerABI.cpp.o -c /Applications/CLion.app/Contents/bin/cmake/share/cmake-3.9/Modules/CMakeCXXCompilerABI.cpp
Linking CXX executable cmTC_919f3
/Applications/CLion.app/Contents/bin/cmake/bin/cmake -E cmake_link_script CMakeFiles/cmTC_919f3.dir/link.txt --verbose=1
/usr/local/bin/icpc    -Wl,-search_paths_first -Wl,-headerpad_max_install_names  -v -Wl,-v CMakeFiles/cmTC_919f3.dir/CMakeCXXCompilerABI.cpp.o  -o cmTC_919f3 
icpc version 18.0.1 (gcc version 4.9.0 compatibility)
/opt/intel//compilers_and_libraries_2018.1.126/mac/bin/intel64/mcpcom    -mGLOB_em64t=TRUE -mP1OPT_version=18.0-intel64 -mGLOB_diag_file=CMakeFiles/cmTC_919f3.dir/CMakeCXXCompilerABI.cpp.diag -mGLOB_diag_use_message_catalog=FALSE -mGLOB_long_size_64 -mGLOB_routine_pointer_size_64 -mP1OPT_print_version=FALSE -mCG_use_gas_got_workaround=F -mP2OPT_align_option_used=TRUE -mGLOB_gcc_version=490 "-mGLOB_options_string=-Wl,-search_paths_first -Wl,-headerpad_max_install_names -v -Wl,-v -o cmTC_919f3" -mGLOB_position_independent_code -mGLOB_preemption_model=1 -mGLOB_no_compact_unwind=TRUE -mGLOB_cxx_limited_range=FALSE -mCG_extend_parms=FALSE -mGLOB_compiler_bin_directory=/opt/intel//compilers_and_libraries_2018.1.126/mac/bin/intel64 -mGLOB_as_output_backup_file_name=/var/folders/vg/2gb9pzh93x12p9mb21qx_bmc0000gp/T/icpcn537Zuas_.s -mGLOB_dashboard_use_source_name -mIPOPT_activate -mGLOB_product_id_code=0x22006d8f -mP3OPT_use_mspp_call_convention -mP2OPT_subs_out_of_bound=FALSE -mP2OPT_disam_type_based_disam=2 -mP2OPT_disam_assume_ansi_c -mP2OPT_checked_disam_ansi_alias=TRUE -mGLOB_ansi_alias -mPGOPTI_value_profile_use=T -mGLOB_opt_report_use_source_name -mP2OPT_il0_array_sections=TRUE -mP2OPT_hlo -mP2OPT_hpo_rtt_control=0 -mIPOPT_args_in_regs=0 -mP2OPT_disam_assume_nonstd_intent_in=FALSE -mGLOB_imf_mapping_library=/opt/intel//compilers_and_libraries_2018.1.126/mac/bin/intel64/libiml_attr.dylib -mPGOPTI_gen_threadsafe_level=0 -mIPOPT_link -mIPOPT_ipo_activate -mIPOPT_mo_activate -mIPOPT_source_files_list=/var/folders/vg/2gb9pzh93x12p9mb21qx_bmc0000gp/T/icpcslis3vyNhG -mIPOPT_mo_global_data "-mIPOPT_cmdline_link="-dynamic" "-arch" "x86_64" "-weak_reference_mismatches" "non-weak" "-macosx_version_min" "10.13.2" "-no_compact_unwind" "-o" "cmTC_919f3" "-L/opt/intel//compilers_and_libraries_2018.1.126/mac/compiler/lib" "-L/usr/lib" "-search_paths_first" "-headerpad_max_install_names" "-v" "CMakeFiles/cmTC_919f3.dir/CMakeCXXCompilerABI.cpp.o" "/opt/intel//compilers_and_libraries_2018.1.126/mac/compiler/lib/libimf.a" "/opt/intel//compilers_and_libraries_2018.1.126/mac/compiler/lib/libsvml.a" "/opt/intel//compilers_and_libraries_2018.1.126/mac/compiler/lib/libirng.a" "-lc++" "/opt/intel//compilers_and_libraries_2018.1.126/mac/compiler/lib/libipgo.a" "/opt/intel//compilers_and_libraries_2018.1.126/mac/compiler/lib/libdecimal.a" "-weak-lcilkrts" "-lc++" "-lSystem" "/opt/intel//compilers_and_libraries_2018.1.126/mac/compiler/lib/libirc.a" "/opt/intel//compilers_and_libraries_2018.1.126/mac/compiler/lib/libsvml.a" "/Library/Developer/CommandLineTools/usr/lib/clang/9.0.0/lib/darwin/libclang_rt.osx.a"" -mIPOPT_il_in_obj -mIPOPT_ipo_activate_warn=FALSE -mIPOPT_obj_output_file_name=/var/folders/vg/2gb9pzh93x12p9mb21qx_bmc0000gp/T/ipo_icpcbIzWay.o -mIPOPT_whole_archive_fixup_file_name=/var/folders/vg/2gb9pzh93x12p9mb21qx_bmc0000gp/T/icpcwarchzoRgFd -mGLOB_driver_tempfile_name=/var/folders/vg/2gb9pzh93x12p9mb21qx_bmc0000gp/T/icpctempfiletkC4DJ -mGLOB_os_target=GLOB_OS_TARGET_MACH -mGLOB_async_unwind_tables=TRUE -mGLOB_obj_output_file=/var/folders/vg/2gb9pzh93x12p9mb21qx_bmc0000gp/T/ipo_icpcbIzWay.o -mGLOB_source_dialect=GLOB_SOURCE_DIALECT_NONE -mP1OPT_source_file_name=ipo_out.c CMakeFiles/cmTC_919f3.dir/CMakeCXXCompilerABI.cpp.o -mIPOPT_object_files=T -mIPOPT_assembly_files=/var/folders/vg/2gb9pzh93x12p9mb21qx_bmc0000gp/T/icpcalisOJRKJi -mIPOPT_generated_tempfiles=/var/folders/vg/2gb9pzh93x12p9mb21qx_bmc0000gp/T/icpcelisdpF0t0 -mIPOPT_embedded_object_base_name=/var/folders/vg/2gb9pzh93x12p9mb21qx_bmc0000gp/T/icpceobjx80YU9
/Library/Developer/CommandLineTools/usr/bin/ld    -dynamic -arch x86_64 -weak_reference_mismatches non-weak -macosx_version_min 10.13.2 -o cmTC_919f3 -L/opt/intel//compilers_and_libraries_2018.1.126/mac/compiler/lib -L/usr/lib CMakeFiles/cmTC_919f3.dir/CMakeCXXCompilerABI.cpp.o -search_paths_first -headerpad_max_install_names -v /opt/intel//compilers_and_libraries_2018.1.126/mac/compiler/lib/libimf.a /opt/intel//compilers_and_libraries_2018.1.126/mac/compiler/lib/libsvml.a /opt/intel//compilers_and_libraries_2018.1.126/mac/compiler/lib/libirng.a -lc++ /opt/intel//compilers_and_libraries_2018.1.126/mac/compiler/lib/libipgo.a /opt/intel//compilers_and_libraries_2018.1.126/mac/compiler/lib/libdecimal.a -weak-lcilkrts -lc++ -lSystem /opt/intel//compilers_and_libraries_2018.1.126/mac/compiler/lib/libirc.a /opt/intel//compilers_and_libraries_2018.1.126/mac/compiler/lib/libsvml.a /Library/Developer/CommandLineTools/usr/lib/clang/9.0.0/lib/darwin/libclang_rt.osx.a
@(#)PROGRAM:ld  PROJECT:ld64-305
configured to support archs: armv6 armv7 armv7s arm64 i386 x86_64 x86_64h armv6m armv7k armv7m armv7em (tvOS)
Library search paths:
	/opt/intel//compilers_and_libraries_2018.1.126/mac/compiler/lib
	/usr/lib
	/usr/lib
	/usr/local/lib
Framework search paths:
	/Library/Frameworks/
	/System/Library/Frameworks/


Parsed CXX implicit link information from above output:
  link line regex: [^( *|.*[/\])(ld|CMAKE_LINK_STARTFILE-NOTFOUND|([^/\]+-)?ld|collect2)[^/\]*( |$)]
  ignore line: [Change Dir: /Users/yellowos/CLionProjects/moving_catch/cmake-build-debug-intel/CMakeFiles/CMakeTmp]
  ignore line: []
  ignore line: [Run Build Command:"/usr/bin/make" "cmTC_919f3/fast"]
  ignore line: [/Library/Developer/CommandLineTools/usr/bin/make -f CMakeFiles/cmTC_919f3.dir/build.make CMakeFiles/cmTC_919f3.dir/build]
  ignore line: [Building CXX object CMakeFiles/cmTC_919f3.dir/CMakeCXXCompilerABI.cpp.o]
  ignore line: [/usr/local/bin/icpc     -o CMakeFiles/cmTC_919f3.dir/CMakeCXXCompilerABI.cpp.o -c /Applications/CLion.app/Contents/bin/cmake/share/cmake-3.9/Modules/CMakeCXXCompilerABI.cpp]
  ignore line: [Linking CXX executable cmTC_919f3]
  ignore line: [/Applications/CLion.app/Contents/bin/cmake/bin/cmake -E cmake_link_script CMakeFiles/cmTC_919f3.dir/link.txt --verbose=1]
  ignore line: [/usr/local/bin/icpc    -Wl,-search_paths_first -Wl,-headerpad_max_install_names  -v -Wl,-v CMakeFiles/cmTC_919f3.dir/CMakeCXXCompilerABI.cpp.o  -o cmTC_919f3 ]
  ignore line: [icpc version 18.0.1 (gcc version 4.9.0 compatibility)]
  ignore line: [/opt/intel//compilers_and_libraries_2018.1.126/mac/bin/intel64/mcpcom    -mGLOB_em64t=TRUE -mP1OPT_version=18.0-intel64 -mGLOB_diag_file=CMakeFiles/cmTC_919f3.dir/CMakeCXXCompilerABI.cpp.diag -mGLOB_diag_use_message_catalog=FALSE -mGLOB_long_size_64 -mGLOB_routine_pointer_size_64 -mP1OPT_print_version=FALSE -mCG_use_gas_got_workaround=F -mP2OPT_align_option_used=TRUE -mGLOB_gcc_version=490 "-mGLOB_options_string=-Wl,-search_paths_first -Wl,-headerpad_max_install_names -v -Wl,-v -o cmTC_919f3" -mGLOB_position_independent_code -mGLOB_preemption_model=1 -mGLOB_no_compact_unwind=TRUE -mGLOB_cxx_limited_range=FALSE -mCG_extend_parms=FALSE -mGLOB_compiler_bin_directory=/opt/intel//compilers_and_libraries_2018.1.126/mac/bin/intel64 -mGLOB_as_output_backup_file_name=/var/folders/vg/2gb9pzh93x12p9mb21qx_bmc0000gp/T/icpcn537Zuas_.s -mGLOB_dashboard_use_source_name -mIPOPT_activate -mGLOB_product_id_code=0x22006d8f -mP3OPT_use_mspp_call_convention -mP2OPT_subs_out_of_bound=FALSE -mP2OPT_disam_type_based_disam=2 -mP2OPT_disam_assume_ansi_c -mP2OPT_checked_disam_ansi_alias=TRUE -mGLOB_ansi_alias -mPGOPTI_value_profile_use=T -mGLOB_opt_report_use_source_name -mP2OPT_il0_array_sections=TRUE -mP2OPT_hlo -mP2OPT_hpo_rtt_control=0 -mIPOPT_args_in_regs=0 -mP2OPT_disam_assume_nonstd_intent_in=FALSE -mGLOB_imf_mapping_library=/opt/intel//compilers_and_libraries_2018.1.126/mac/bin/intel64/libiml_attr.dylib -mPGOPTI_gen_threadsafe_level=0 -mIPOPT_link -mIPOPT_ipo_activate -mIPOPT_mo_activate -mIPOPT_source_files_list=/var/folders/vg/2gb9pzh93x12p9mb21qx_bmc0000gp/T/icpcslis3vyNhG -mIPOPT_mo_global_data "-mIPOPT_cmdline_link="-dynamic" "-arch" "x86_64" "-weak_reference_mismatches" "non-weak" "-macosx_version_min" "10.13.2" "-no_compact_unwind" "-o" "cmTC_919f3" "-L/opt/intel//compilers_and_libraries_2018.1.126/mac/compiler/lib" "-L/usr/lib" "-search_paths_first" "-headerpad_max_install_names" "-v" "CMakeFiles/cmTC_919f3.dir/CMakeCXXCompilerABI.cpp.o" "/opt/intel//compilers_and_libraries_2018.1.126/mac/compiler/lib/libimf.a" "/opt/intel//compilers_and_libraries_2018.1.126/mac/compiler/lib/libsvml.a" "/opt/intel//compilers_and_libraries_2018.1.126/mac/compiler/lib/libirng.a" "-lc++" "/opt/intel//compilers_and_libraries_2018.1.126/mac/compiler/lib/libipgo.a" "/opt/intel//compilers_and_libraries_2018.1.126/mac/compiler/lib/libdecimal.a" "-weak-lcilkrts" "-lc++" "-lSystem" "/opt/intel//compilers_and_libraries_2018.1.126/mac/compiler/lib/libirc.a" "/opt/intel//compilers_and_libraries_2018.1.126/mac/compiler/lib/libsvml.a" "/Library/Developer/CommandLineTools/usr/lib/clang/9.0.0/lib/darwin/libclang_rt.osx.a"" -mIPOPT_il_in_obj -mIPOPT_ipo_activate_warn=FALSE -mIPOPT_obj_output_file_name=/var/folders/vg/2gb9pzh93x12p9mb21qx_bmc0000gp/T/ipo_icpcbIzWay.o -mIPOPT_whole_archive_fixup_file_name=/var/folders/vg/2gb9pzh93x12p9mb21qx_bmc0000gp/T/icpcwarchzoRgFd -mGLOB_driver_tempfile_name=/var/folders/vg/2gb9pzh93x12p9mb21qx_bmc0000gp/T/icpctempfiletkC4DJ -mGLOB_os_target=GLOB_OS_TARGET_MACH -mGLOB_async_unwind_tables=TRUE -mGLOB_obj_output_file=/var/folders/vg/2gb9pzh93x12p9mb21qx_bmc0000gp/T/ipo_icpcbIzWay.o -mGLOB_source_dialect=GLOB_SOURCE_DIALECT_NONE -mP1OPT_source_file_name=ipo_out.c CMakeFiles/cmTC_919f3.dir/CMakeCXXCompilerABI.cpp.o -mIPOPT_object_files=T -mIPOPT_assembly_files=/var/folders/vg/2gb9pzh93x12p9mb21qx_bmc0000gp/T/icpcalisOJRKJi -mIPOPT_generated_tempfiles=/var/folders/vg/2gb9pzh93x12p9mb21qx_bmc0000gp/T/icpcelisdpF0t0 -mIPOPT_embedded_object_base_name=/var/folders/vg/2gb9pzh93x12p9mb21qx_bmc0000gp/T/icpceobjx80YU9]
  link line: [/Library/Developer/CommandLineTools/usr/bin/ld    -dynamic -arch x86_64 -weak_reference_mismatches non-weak -macosx_version_min 10.13.2 -o cmTC_919f3 -L/opt/intel//compilers_and_libraries_2018.1.126/mac/compiler/lib -L/usr/lib CMakeFiles/cmTC_919f3.dir/CMakeCXXCompilerABI.cpp.o -search_paths_first -headerpad_max_install_names -v /opt/intel//compilers_and_libraries_2018.1.126/mac/compiler/lib/libimf.a /opt/intel//compilers_and_libraries_2018.1.126/mac/compiler/lib/libsvml.a /opt/intel//compilers_and_libraries_2018.1.126/mac/compiler/lib/libirng.a -lc++ /opt/intel//compilers_and_libraries_2018.1.126/mac/compiler/lib/libipgo.a /opt/intel//compilers_and_libraries_2018.1.126/mac/compiler/lib/libdecimal.a -weak-lcilkrts -lc++ -lSystem /opt/intel//compilers_and_libraries_2018.1.126/mac/compiler/lib/libirc.a /opt/intel//compilers_and_libraries_2018.1.126/mac/compiler/lib/libsvml.a /Library/Developer/CommandLineTools/usr/lib/clang/9.0.0/lib/darwin/libclang_rt.osx.a]
    arg [/Library/Developer/CommandLineTools/usr/bin/ld] ==> ignore
    arg [-dynamic] ==> ignore
    arg [-arch] ==> ignore
    arg [x86_64] ==> ignore
    arg [-weak_reference_mismatches] ==> ignore
    arg [non-weak] ==> ignore
    arg [-macosx_version_min] ==> ignore
    arg [10.13.2] ==> ignore
    arg [-o] ==> ignore
    arg [cmTC_919f3] ==> ignore
    arg [-L/opt/intel//compilers_and_libraries_2018.1.126/mac/compiler/lib] ==> dir [/opt/intel//compilers_and_libraries_2018.1.126/mac/compiler/lib]
    arg [-L/usr/lib] ==> dir [/usr/lib]
    arg [CMakeFiles/cmTC_919f3.dir/CMakeCXXCompilerABI.cpp.o] ==> ignore
    arg [-search_paths_first] ==> ignore
    arg [-headerpad_max_install_names] ==> ignore
    arg [-v] ==> ignore
    arg [/opt/intel//compilers_and_libraries_2018.1.126/mac/compiler/lib/libimf.a] ==> lib [/opt/intel//compilers_and_libraries_2018.1.126/mac/compiler/lib/libimf.a]
    arg [/opt/intel//compilers_and_libraries_2018.1.126/mac/compiler/lib/libsvml.a] ==> lib [/opt/intel//compilers_and_libraries_2018.1.126/mac/compiler/lib/libsvml.a]
    arg [/opt/intel//compilers_and_libraries_2018.1.126/mac/compiler/lib/libirng.a] ==> lib [/opt/intel//compilers_and_libraries_2018.1.126/mac/compiler/lib/libirng.a]
    arg [-lc++] ==> lib [c++]
    arg [/opt/intel//compilers_and_libraries_2018.1.126/mac/compiler/lib/libipgo.a] ==> lib [/opt/intel//compilers_and_libraries_2018.1.126/mac/compiler/lib/libipgo.a]
    arg [/opt/intel//compilers_and_libraries_2018.1.126/mac/compiler/lib/libdecimal.a] ==> lib [/opt/intel//compilers_and_libraries_2018.1.126/mac/compiler/lib/libdecimal.a]
    arg [-weak-lcilkrts] ==> ignore
    arg [-lc++] ==> lib [c++]
    arg [-lSystem] ==> lib [System]
    arg [/opt/intel//compilers_and_libraries_2018.1.126/mac/compiler/lib/libirc.a] ==> lib [/opt/intel//compilers_and_libraries_2018.1.126/mac/compiler/lib/libirc.a]
    arg [/opt/intel//compilers_and_libraries_2018.1.126/mac/compiler/lib/libsvml.a] ==> lib [/opt/intel//compilers_and_libraries_2018.1.126/mac/compiler/lib/libsvml.a]
    arg [/Library/Developer/CommandLineTools/usr/lib/clang/9.0.0/lib/darwin/libclang_rt.osx.a] ==> lib [/Library/Developer/CommandLineTools/usr/lib/clang/9.0.0/lib/darwin/libclang_rt.osx.a]
  Library search paths: [;/opt/intel//compilers_and_libraries_2018.1.126/mac/compiler/lib;/usr/lib;/usr/lib;/usr/local/lib]
  Framework search paths: [;/Library/Frameworks/;/System/Library/Frameworks/]
  collapse lib [/opt/intel//compilers_and_libraries_2018.1.126/mac/compiler/lib/libimf.a] ==> [/opt/intel/compilers_and_libraries_2018.1.126/mac/compiler/lib/libimf.a]
  collapse lib [/opt/intel//compilers_and_libraries_2018.1.126/mac/compiler/lib/libsvml.a] ==> [/opt/intel/compilers_and_libraries_2018.1.126/mac/compiler/lib/libsvml.a]
  collapse lib [/opt/intel//compilers_and_libraries_2018.1.126/mac/compiler/lib/libirng.a] ==> [/opt/intel/compilers_and_libraries_2018.1.126/mac/compiler/lib/libirng.a]
  collapse lib [/opt/intel//compilers_and_libraries_2018.1.126/mac/compiler/lib/libipgo.a] ==> [/opt/intel/compilers_and_libraries_2018.1.126/mac/compiler/lib/libipgo.a]
  collapse lib [/opt/intel//compilers_and_libraries_2018.1.126/mac/compiler/lib/libdecimal.a] ==> [/opt/intel/compilers_and_libraries_2018.1.126/mac/compiler/lib/libdecimal.a]
  remove lib [System]
  collapse lib [/opt/intel//compilers_and_libraries_2018.1.126/mac/compiler/lib/libirc.a] ==> [/opt/intel/compilers_and_libraries_2018.1.126/mac/compiler/lib/libirc.a]
  collapse lib [/opt/intel//compilers_and_libraries_2018.1.126/mac/compiler/lib/libsvml.a] ==> [/opt/intel/compilers_and_libraries_2018.1.126/mac/compiler/lib/libsvml.a]
  remove lib [/Library/Developer/CommandLineTools/usr/lib/clang/9.0.0/lib/darwin/libclang_rt.osx.a]
  collapse library dir [/opt/intel//compilers_and_libraries_2018.1.126/mac/compiler/lib] ==> [/opt/intel/compilers_and_libraries_2018.1.126/mac/compiler/lib]
  collapse library dir [/usr/lib] ==> [/usr/lib]
  collapse library dir [/opt/intel//compilers_and_libraries_2018.1.126/mac/compiler/lib] ==> [/opt/intel/compilers_and_libraries_2018.1.126/mac/compiler/lib]
  collapse library dir [/usr/lib] ==> [/usr/lib]
  collapse library dir [/usr/lib] ==> [/usr/lib]
  collapse library dir [/usr/local/lib] ==> [/usr/local/lib]
  collapse framework dir [/Library/Frameworks/] ==> [/Library/Frameworks]
  collapse framework dir [/System/Library/Frameworks/] ==> [/System/Library/Frameworks]
  implicit libs: [/opt/intel/compilers_and_libraries_2018.1.126/mac/compiler/lib/libimf.a;/opt/intel/compilers_and_libraries_2018.1.126/mac/compiler/lib/libsvml.a;/opt/intel/compilers_and_libraries_2018.1.126/mac/compiler/lib/libirng.a;c++;/opt/intel/compilers_and_libraries_2018.1.126/mac/compiler/lib/libipgo.a;/opt/intel/compilers_and_libraries_2018.1.126/mac/compiler/lib/libdecimal.a;c++;/opt/intel/compilers_and_libraries_2018.1.126/mac/compiler/lib/libirc.a;/opt/intel/compilers_and_libraries_2018.1.126/mac/compiler/lib/libsvml.a]
  implicit dirs: [/opt/intel/compilers_and_libraries_2018.1.126/mac/compiler/lib;/usr/lib;/usr/local/lib]
  implicit fwks: [/Library/Frameworks;/System/Library/Frameworks]




Detecting CXX [-std=c++14] compiler features compiled with the following output:
Change Dir: /Users/yellowos/CLionProjects/moving_catch/cmake-build-debug-intel/CMakeFiles/CMakeTmp

Run Build Command:"/usr/bin/make" "cmTC_ba038/fast"
/Library/Developer/CommandLineTools/usr/bin/make -f CMakeFiles/cmTC_ba038.dir/build.make CMakeFiles/cmTC_ba038.dir/build
Building CXX object CMakeFiles/cmTC_ba038.dir/feature_tests.cxx.o
/usr/local/bin/icpc    -std=c++14 -o CMakeFiles/cmTC_ba038.dir/feature_tests.cxx.o -c /Users/yellowos/CLionProjects/moving_catch/cmake-build-debug-intel/CMakeFiles/feature_tests.cxx
Linking CXX executable cmTC_ba038
/Applications/CLion.app/Contents/bin/cmake/bin/cmake -E cmake_link_script CMakeFiles/cmTC_ba038.dir/link.txt --verbose=1
/usr/local/bin/icpc    -Wl,-search_paths_first -Wl,-headerpad_max_install_names   CMakeFiles/cmTC_ba038.dir/feature_tests.cxx.o  -o cmTC_ba038 


    Feature record: CXX_FEATURE:1cxx_aggregate_default_initializers
    Feature record: CXX_FEATURE:1cxx_alias_templates
    Feature record: CXX_FEATURE:1cxx_alignas
    Feature record: CXX_FEATURE:1cxx_alignof
    Feature record: CXX_FEATURE:1cxx_attributes
    Feature record: CXX_FEATURE:1cxx_attribute_deprecated
    Feature record: CXX_FEATURE:1cxx_auto_type
    Feature record: CXX_FEATURE:1cxx_binary_literals
    Feature record: CXX_FEATURE:1cxx_constexpr
    Feature record: CXX_FEATURE:1cxx_contextual_conversions
    Feature record: CXX_FEATURE:1cxx_decltype
    Feature record: CXX_FEATURE:1cxx_decltype_auto
    Feature record: CXX_FEATURE:1cxx_decltype_incomplete_return_types
    Feature record: CXX_FEATURE:1cxx_default_function_template_args
    Feature record: CXX_FEATURE:1cxx_defaulted_functions
    Feature record: CXX_FEATURE:1cxx_defaulted_move_initializers
    Feature record: CXX_FEATURE:1cxx_delegating_constructors
    Feature record: CXX_FEATURE:1cxx_deleted_functions
    Feature record: CXX_FEATURE:1cxx_digit_separators
    Feature record: CXX_FEATURE:1cxx_enum_forward_declarations
    Feature record: CXX_FEATURE:1cxx_explicit_conversions
    Feature record: CXX_FEATURE:1cxx_extended_friend_declarations
    Feature record: CXX_FEATURE:1cxx_extern_templates
    Feature record: CXX_FEATURE:1cxx_final
    Feature record: CXX_FEATURE:1cxx_func_identifier
    Feature record: CXX_FEATURE:1cxx_generic_lambdas
    Feature record: CXX_FEATURE:1cxx_inheriting_constructors
    Feature record: CXX_FEATURE:1cxx_inline_namespaces
    Feature record: CXX_FEATURE:1cxx_lambdas
    Feature record: CXX_FEATURE:1cxx_lambda_init_captures
    Feature record: CXX_FEATURE:1cxx_local_type_template_args
    Feature record: CXX_FEATURE:1cxx_long_long_type
    Feature record: CXX_FEATURE:1cxx_noexcept
    Feature record: CXX_FEATURE:1cxx_nonstatic_member_init
    Feature record: CXX_FEATURE:1cxx_nullptr
    Feature record: CXX_FEATURE:1cxx_override
    Feature record: CXX_FEATURE:1cxx_range_for
    Feature record: CXX_FEATURE:1cxx_raw_string_literals
    Feature record: CXX_FEATURE:1cxx_reference_qualified_functions
    Feature record: CXX_FEATURE:1cxx_relaxed_constexpr
    Feature record: CXX_FEATURE:1cxx_return_type_deduction
    Feature record: CXX_FEATURE:1cxx_right_angle_brackets
    Feature record: CXX_FEATURE:1cxx_rvalue_references
    Feature record: CXX_FEATURE:1cxx_sizeof_member
    Feature record: CXX_FEATURE:1cxx_static_assert
    Feature record: CXX_FEATURE:1cxx_strong_enums
    Feature record: CXX_FEATURE:1cxx_template_template_parameters
    Feature record: CXX_FEATURE:1cxx_thread_local
    Feature record: CXX_FEATURE:1cxx_trailing_return_types
    Feature record: CXX_FEATURE:1cxx_unicode_literals
    Feature record: CXX_FEATURE:1cxx_uniform_initialization
    Feature record: CXX_FEATURE:1cxx_unrestricted_unions
    Feature record: CXX_FEATURE:1cxx_user_literals
    Feature record: CXX_FEATURE:1cxx_variable_templates
    Feature record: CXX_FEATURE:1cxx_variadic_macros
    Feature record: CXX_FEATURE:1cxx_variadic_templates


Detecting CXX [-std=c++11] compiler features compiled with the following output:
Change Dir: /Users/yellowos/CLionProjects/moving_catch/cmake-build-debug-intel/CMakeFiles/CMakeTmp

Run Build Command:"/usr/bin/make" "cmTC_0f539/fast"
/Library/Developer/CommandLineTools/usr/bin/make -f CMakeFiles/cmTC_0f539.dir/build.make CMakeFiles/cmTC_0f539.dir/build
Building CXX object CMakeFiles/cmTC_0f539.dir/feature_tests.cxx.o
/usr/local/bin/icpc    -std=c++11 -o CMakeFiles/cmTC_0f539.dir/feature_tests.cxx.o -c /Users/yellowos/CLionProjects/moving_catch/cmake-build-debug-intel/CMakeFiles/feature_tests.cxx
Linking CXX executable cmTC_0f539
/Applications/CLion.app/Contents/bin/cmake/bin/cmake -E cmake_link_script CMakeFiles/cmTC_0f539.dir/link.txt --verbose=1
/usr/local/bin/icpc    -Wl,-search_paths_first -Wl,-headerpad_max_install_names   CMakeFiles/cmTC_0f539.dir/feature_tests.cxx.o  -o cmTC_0f539 


    Feature record: CXX_FEATURE:0cxx_aggregate_default_initializers
    Feature record: CXX_FEATURE:1cxx_alias_templates
    Feature record: CXX_FEATURE:1cxx_alignas
    Feature record: CXX_FEATURE:1cxx_alignof
    Feature record: CXX_FEATURE:1cxx_attributes
    Feature record: CXX_FEATURE:0cxx_attribute_deprecated
    Feature record: CXX_FEATURE:1cxx_auto_type
    Feature record: CXX_FEATURE:1cxx_binary_literals
    Feature record: CXX_FEATURE:1cxx_constexpr
    Feature record: CXX_FEATURE:0cxx_contextual_conversions
    Feature record: CXX_FEATURE:1cxx_decltype
    Feature record: CXX_FEATURE:0cxx_decltype_auto
    Feature record: CXX_FEATURE:1cxx_decltype_incomplete_return_types
    Feature record: CXX_FEATURE:1cxx_default_function_template_args
    Feature record: CXX_FEATURE:1cxx_defaulted_functions
    Feature record: CXX_FEATURE:1cxx_defaulted_move_initializers
    Feature record: CXX_FEATURE:1cxx_delegating_constructors
    Feature record: CXX_FEATURE:1cxx_deleted_functions
    Feature record: CXX_FEATURE:0cxx_digit_separators
    Feature record: CXX_FEATURE:1cxx_enum_forward_declarations
    Feature record: CXX_FEATURE:1cxx_explicit_conversions
    Feature record: CXX_FEATURE:1cxx_extended_friend_declarations
    Feature record: CXX_FEATURE:1cxx_extern_templates
    Feature record: CXX_FEATURE:1cxx_final
    Feature record: CXX_FEATURE:1cxx_func_identifier
    Feature record: CXX_FEATURE:0cxx_generic_lambdas
    Feature record: CXX_FEATURE:1cxx_inheriting_constructors
    Feature record: CXX_FEATURE:1cxx_inline_namespaces
    Feature record: CXX_FEATURE:1cxx_lambdas
    Feature record: CXX_FEATURE:0cxx_lambda_init_captures
    Feature record: CXX_FEATURE:1cxx_local_type_template_args
    Feature record: CXX_FEATURE:1cxx_long_long_type
    Feature record: CXX_FEATURE:1cxx_noexcept
    Feature record: CXX_FEATURE:1cxx_nonstatic_member_init
    Feature record: CXX_FEATURE:1cxx_nullptr
    Feature record: CXX_FEATURE:1cxx_override
    Feature record: CXX_FEATURE:1cxx_range_for
    Feature record: CXX_FEATURE:1cxx_raw_string_literals
    Feature record: CXX_FEATURE:1cxx_reference_qualified_functions
    Feature record: CXX_FEATURE:0cxx_relaxed_constexpr
    Feature record: CXX_FEATURE:0cxx_return_type_deduction
    Feature record: CXX_FEATURE:1cxx_right_angle_brackets
    Feature record: CXX_FEATURE:1cxx_rvalue_references
    Feature record: CXX_FEATURE:1cxx_sizeof_member
    Feature record: CXX_FEATURE:1cxx_static_assert
    Feature record: CXX_FEATURE:1cxx_strong_enums
    Feature record: CXX_FEATURE:1cxx_template_template_parameters
    Feature record: CXX_FEATURE:1cxx_thread_local
    Feature record: CXX_FEATURE:1cxx_trailing_return_types
    Feature record: CXX_FEATURE:1cxx_unicode_literals
    Feature record: CXX_FEATURE:1cxx_uniform_initialization
    Feature record: CXX_FEATURE:1cxx_unrestricted_unions
    Feature record: CXX_FEATURE:1cxx_user_literals
    Feature record: CXX_FEATURE:0cxx_variable_templates
    Feature record: CXX_FEATURE:1cxx_variadic_macros
    Feature record: CXX_FEATURE:1cxx_variadic_templates


Detecting CXX [-std=c++98] compiler features compiled with the following output:
Change Dir: /Users/yellowos/CLionProjects/moving_catch/cmake-build-debug-intel/CMakeFiles/CMakeTmp

Run Build Command:"/usr/bin/make" "cmTC_9be91/fast"
/Library/Developer/CommandLineTools/usr/bin/make -f CMakeFiles/cmTC_9be91.dir/build.make CMakeFiles/cmTC_9be91.dir/build
Building CXX object CMakeFiles/cmTC_9be91.dir/feature_tests.cxx.o
/usr/local/bin/icpc    -std=c++98 -o CMakeFiles/cmTC_9be91.dir/feature_tests.cxx.o -c /Users/yellowos/CLionProjects/moving_catch/cmake-build-debug-intel/CMakeFiles/feature_tests.cxx
Linking CXX executable cmTC_9be91
/Applications/CLion.app/Contents/bin/cmake/bin/cmake -E cmake_link_script CMakeFiles/cmTC_9be91.dir/link.txt --verbose=1
/usr/local/bin/icpc    -Wl,-search_paths_first -Wl,-headerpad_max_install_names   CMakeFiles/cmTC_9be91.dir/feature_tests.cxx.o  -o cmTC_9be91 


    Feature record: CXX_FEATURE:0cxx_aggregate_default_initializers
    Feature record: CXX_FEATURE:0cxx_alias_templates
    Feature record: CXX_FEATURE:0cxx_alignas
    Feature record: CXX_FEATURE:0cxx_alignof
    Feature record: CXX_FEATURE:0cxx_attributes
    Feature record: CXX_FEATURE:0cxx_attribute_deprecated
    Feature record: CXX_FEATURE:0cxx_auto_type
    Feature record: CXX_FEATURE:1cxx_binary_literals
    Feature record: CXX_FEATURE:0cxx_constexpr
    Feature record: CXX_FEATURE:0cxx_contextual_conversions
    Feature record: CXX_FEATURE:0cxx_decltype
    Feature record: CXX_FEATURE:0cxx_decltype_auto
    Feature record: CXX_FEATURE:0cxx_decltype_incomplete_return_types
    Feature record: CXX_FEATURE:0cxx_default_function_template_args
    Feature record: CXX_FEATURE:0cxx_defaulted_functions
    Feature record: CXX_FEATURE:0cxx_defaulted_move_initializers
    Feature record: CXX_FEATURE:0cxx_delegating_constructors
    Feature record: CXX_FEATURE:0cxx_deleted_functions
    Feature record: CXX_FEATURE:0cxx_digit_separators
    Feature record: CXX_FEATURE:0cxx_enum_forward_declarations
    Feature record: CXX_FEATURE:0cxx_explicit_conversions
    Feature record: CXX_FEATURE:0cxx_extended_friend_declarations
    Feature record: CXX_FEATURE:0cxx_extern_templates
    Feature record: CXX_FEATURE:0cxx_final
    Feature record: CXX_FEATURE:0cxx_func_identifier
    Feature record: CXX_FEATURE:0cxx_generic_lambdas
    Feature record: CXX_FEATURE:0cxx_inheriting_constructors
    Feature record: CXX_FEATURE:0cxx_inline_namespaces
    Feature record: CXX_FEATURE:0cxx_lambdas
    Feature record: CXX_FEATURE:0cxx_lambda_init_captures
    Feature record: CXX_FEATURE:0cxx_local_type_template_args
    Feature record: CXX_FEATURE:0cxx_long_long_type
    Feature record: CXX_FEATURE:0cxx_noexcept
    Feature record: CXX_FEATURE:0cxx_nonstatic_member_init
    Feature record: CXX_FEATURE:0cxx_nullptr
    Feature record: CXX_FEATURE:0cxx_override
    Feature record: CXX_FEATURE:0cxx_range_for
    Feature record: CXX_FEATURE:0cxx_raw_string_literals
    Feature record: CXX_FEATURE:0cxx_reference_qualified_functions
    Feature record: CXX_FEATURE:0cxx_relaxed_constexpr
    Feature record: CXX_FEATURE:0cxx_return_type_deduction
    Feature record: CXX_FEATURE:0cxx_right_angle_brackets
    Feature record: CXX_FEATURE:0cxx_rvalue_references
    Feature record: CXX_FEATURE:0cxx_sizeof_member
    Feature record: CXX_FEATURE:0cxx_static_assert
    Feature record: CXX_FEATURE:0cxx_strong_enums
    Feature record: CXX_FEATURE:0cxx_template_template_parameters
    Feature record: CXX_FEATURE:0cxx_thread_local
    Feature record: CXX_FEATURE:0cxx_trailing_return_types
    Feature record: CXX_FEATURE:0cxx_unicode_literals
    Feature record: CXX_FEATURE:0cxx_uniform_initialization
    Feature record: CXX_FEATURE:0cxx_unrestricted_unions
    Feature record: CXX_FEATURE:0cxx_user_literals
    Feature record: CXX_FEATURE:0cxx_variable_templates
    Feature record: CXX_FEATURE:0cxx_variadic_macros
    Feature record: CXX_FEATURE:0cxx_variadic_templates
